\BOOKMARK [0][-]{chapter.1}{The\040trivalency\040of\040Voice}{}% 1
\BOOKMARK [-1][-]{part.1}{I\040Hebrew}{}% 2
\BOOKMARK [0][-]{chapter.2}{Underspecified\040Voice}{part.1}% 3
\BOOKMARK [1][-]{section.2.1}{Overview}{chapter.2}% 4
\BOOKMARK [1][-]{section.2.2}{Voice}{chapter.2}% 5
\BOOKMARK [1][-]{section.2.3}{Agentive\040modification}{chapter.2}% 6
\BOOKMARK [0][-]{chapter.3}{Voice[–D]}{part.1}% 7
\BOOKMARK [1][-]{section.3.1}{Introduction}{chapter.3}% 8
\BOOKMARK [1][-]{section.3.2}{Anticausatives}{chapter.3}% 9
\BOOKMARK [2][-]{subsection.3.2.1}{Adverbial\040modifiers}{section.3.2}% 10
\BOOKMARK [2][-]{subsection.3.2.2}{Unaccusativity\040diagnostics}{section.3.2}% 11
\BOOKMARK [1][-]{section.3.3}{Height\040of\040attachment:\040Figure\040reflexives}{chapter.3}% 12
\BOOKMARK [2][-]{subsection.3.3.1}{Data}{section.3.3}% 13
\BOOKMARK [3][-]{subsubsection.3.3.1.1}{Adverbial\040modifiers}{subsection.3.3.1}% 14
\BOOKMARK [3][-]{subsubsection.3.3.1.2}{Unaccusativity\040diagnostics}{subsection.3.3.1}% 15
\BOOKMARK [3][-]{subsubsection.3.3.1.3}{Indirect\040objects}{subsection.3.3.1}% 16
\BOOKMARK [2][-]{subsection.3.3.2}{Analysis}{section.3.3}% 17
\BOOKMARK [3][-]{subsubsection.3.3.2.1}{Prepositional\040phrases}{subsection.3.3.2}% 18
\BOOKMARK [3][-]{subsubsection.3.3.2.2}{The\040composition}{subsection.3.3.2}% 19
\BOOKMARK [1][-]{section.3.4}{Interim summary: [–D]}{chapter.3}% 20
\BOOKMARK [1][-]{section.3.5}{Agentive\040modification}{chapter.3}% 21
\BOOKMARK [2][-]{subsection.3.5.1}{Anticausatives\040and\040figure\040reflexives}{section.3.5}% 22
\BOOKMARK [3][-]{subsubsection.3.5.1.1}{Anticausatives}{subsection.3.5.1}% 23
\BOOKMARK [3][-]{subsubsection.3.5.1.2}{Figure\040reflexives}{subsection.3.5.1}% 24
\BOOKMARK [2][-]{subsection.3.5.2}{Reflexives}{section.3.5}% 25
\BOOKMARK [3][-]{subsubsection.3.5.2.1}{Data}{subsection.3.5.2}% 26
\BOOKMARK [3][-]{subsubsection.3.5.2.2}{Analysis}{subsection.3.5.2}% 27
\BOOKMARK [3][-]{subsubsection.3.5.2.3}{Summary}{subsection.3.5.2}% 28
\BOOKMARK [1][-]{section.3.6}{Inchoatives}{chapter.3}% 29
\BOOKMARK [2][-]{subsection.3.6.1}{Data}{section.3.6}% 30
\BOOKMARK [2][-]{subsection.3.6.2}{Null\040allosemy\040in\040inchoatives}{section.3.6}% 31
\BOOKMARK [2][-]{subsection.3.6.3}{Crosslinguistic\040similarities}{section.3.6}% 32
\BOOKMARK [1][-]{section.3.7}{Alternative\040accounts}{chapter.3}% 33
\BOOKMARK [2][-]{subsection.3.7.1}{Distributed\040morphosemantics\040doron03}{section.3.7}% 34
\BOOKMARK [2][-]{subsection.3.7.2}{Templates\040as\040morphemes}{section.3.7}% 35
\BOOKMARK [0][-]{chapter.4}{Voice[+D]}{part.1}% 36
\BOOKMARK [1][-]{section.4.1}{Introduction}{chapter.4}% 37
\BOOKMARK [1][-]{section.4.2}{An\040active\040Voice\040head}{chapter.4}% 38
\BOOKMARK [1][-]{section.4.3}{The\040causative-causative\040alternation}{chapter.4}% 39
\BOOKMARK [2][-]{subsection.4.3.1}{Markedness\040in\040causation}{section.4.3}% 40
\BOOKMARK [2][-]{subsection.4.3.2}{Markedness\040in\040Voice\040heads}{section.4.3}% 41
\BOOKMARK [2][-]{subsection.4.3.3}{Productivity}{section.4.3}% 42
\BOOKMARK [1][-]{section.4.4}{The\040inchoative\040alternation}{chapter.4}% 43
\BOOKMARK [2][-]{subsection.4.4.1}{Roots}{section.4.4}% 44
\BOOKMARK [3][-]{subsubsection.4.4.1.1}{Classification}{subsection.4.4.1}% 45
\BOOKMARK [3][-]{subsubsection.4.4.1.2}{Discussion}{subsection.4.4.1}% 46
\BOOKMARK [2][-]{subsection.4.4.2}{Template}{section.4.4}% 47
\BOOKMARK [3][-]{subsubsection.4.4.2.1}{Structure}{subsection.4.4.2}% 48
\BOOKMARK [3][-]{subsubsection.4.4.2.2}{Derivation}{subsection.4.4.2}% 49
\BOOKMARK [2][-]{subsection.4.4.3}{Discussion:\040The\040labile\040alternation}{section.4.4}% 50
\BOOKMARK [1][-]{section.4.5}{Alternative\040accounts}{chapter.4}% 51
\BOOKMARK [2][-]{subsection.4.5.1}{Added\040structure}{section.4.5}% 52
\BOOKMARK [2][-]{subsection.4.5.2}{CAUS\040and\040existential\040closure}{section.4.5}% 53
\BOOKMARK [2][-]{subsection.4.5.3}{Contextual\040allomorphy}{section.4.5}% 54
\BOOKMARK [2][-]{subsection.4.5.4}{Verbalizing\040affix}{section.4.5}% 55
\BOOKMARK [1][-]{section.4.6}{Conclusion}{chapter.4}% 56
\BOOKMARK [0][-]{chapter.5}{Passives\040and\040nominalization}{part.1}% 57
\BOOKMARK [1][-]{section.5.1}{Passivization}{chapter.5}% 58
\BOOKMARK [1][-]{section.5.2}{Adjectival\040passives}{chapter.5}% 59
\BOOKMARK [1][-]{section.5.3}{Nominalization}{chapter.5}% 60
\BOOKMARK [-1][-]{part.2}{II\040Crosslinguistic\040consequences}{}% 61
\BOOKMARK [0][-]{chapter.6}{Syntactic\040vs\040semantic\040transitivity}{part.2}% 62
\BOOKMARK [1][-]{section.6.1}{Introduction}{chapter.6}% 63
\BOOKMARK [1][-]{section.6.2}{Layering}{chapter.6}% 64
\BOOKMARK [2][-]{subsection.6.2.1}{Causative\040base}{section.6.2}% 65
\BOOKMARK [2][-]{subsection.6.2.2}{The\040transitivity\040of\040Voice}{section.6.2}% 66
\BOOKMARK [1][-]{section.6.3}{Comparison}{chapter.6}% 67
\BOOKMARK [2][-]{subsection.6.3.1}{Non-active\040layers}{section.6.3}% 68
\BOOKMARK [2][-]{subsection.6.3.2}{The\040trivalency\040of\040transitivity}{section.6.3}% 69
\BOOKMARK [1][-]{section.6.4}{Hebrew\040with\040Layering}{chapter.6}% 70
\BOOKMARK [1][-]{section.6.5}{Conclusion}{chapter.6}% 71
\BOOKMARK [0][-]{chapter.7}{The\040features\040of\040Voice}{part.2}% 72
\BOOKMARK [1][-]{section.7.1}{i*}{chapter.7}% 73
\BOOKMARK [0][-]{chapter.8}{Conclusion}{part.2}% 74
\BOOKMARK [0][-]{chapter.8}{Bibliography}{part.2}% 75
